2015-01-28 04:48:19 [127.0.0.1][-][-][warning][yii\log\Dispatcher::dispatch] Unable to send log via yii\debug\LogTarget: PHP Warning 'yii\base\ErrorException' with message 'touch(): Utime failed: Permission denied' 

in /var/www/ordr.ru/vendor/yiisoft/yii2-debug/LogTarget.php:73

Stack trace:
#0 [internal function]: yii\base\ErrorHandler->handleError(2, 'touch(): Utime ...', '/var/www/ordr.r...', 73, Array)
#1 /var/www/ordr.ru/vendor/yiisoft/yii2-debug/LogTarget.php(73): touch('/var/www/ordr.r...')
#2 /var/www/ordr.ru/vendor/yiisoft/yii2-debug/LogTarget.php(61): yii\debug\LogTarget->updateIndexFile('/var/www/ordr.r...', Array)
#3 /var/www/ordr.ru/vendor/yiisoft/yii2-debug/LogTarget.php(112): yii\debug\LogTarget->export(Array)
#4 /var/www/ordr.ru/vendor/yiisoft/yii2/log/Dispatcher.php(183): yii\debug\LogTarget->collect(Array, true)
#5 /var/www/ordr.ru/vendor/yiisoft/yii2/log/Logger.php(166): yii\log\Dispatcher->dispatch(Array, true)
#6 [internal function]: yii\log\Logger->flush(true)
#7 {main}
2015-01-28 04:48:19 [127.0.0.1][-][-][info][application] $_SERVER = [
    'HTTP_HOST' => 'control.ordr.ru'
    'HTTP_CONNECTION' => 'keep-alive'
    'HTTP_ACCEPT' => 'text/html,application/xhtml+xml,application/xml;q=0.9,image/webp,*/*;q=0.8'
    'HTTP_USER_AGENT' => 'Mozilla/5.0 (X11; Linux x86_64) AppleWebKit/537.36 (KHTML, like Gecko) Chrome/40.0.2214.93 Safari/537.36'
    'HTTP_ACCEPT_ENCODING' => 'gzip, deflate, sdch'
    'HTTP_ACCEPT_LANGUAGE' => 'ru-RU,ru;q=0.8,en-US;q=0.6,en;q=0.4'
    'PATH' => '/usr/local/sbin:/usr/local/bin:/usr/sbin:/usr/bin:/sbin:/bin'
    'SERVER_SIGNATURE' => '<address>Apache/2.4.7 (Ubuntu) Server at control.ordr.ru Port 80</address>
'
    'SERVER_SOFTWARE' => 'Apache/2.4.7 (Ubuntu)'
    'SERVER_NAME' => 'control.ordr.ru'
    'SERVER_ADDR' => '127.0.0.1'
    'SERVER_PORT' => '80'
    'REMOTE_ADDR' => '127.0.0.1'
    'DOCUMENT_ROOT' => '/var/www/ordr.ru/backend/web'
    'REQUEST_SCHEME' => 'http'
    'CONTEXT_PREFIX' => ''
    'CONTEXT_DOCUMENT_ROOT' => '/var/www/ordr.ru/backend/web'
    'SERVER_ADMIN' => '[no address given]'
    'SCRIPT_FILENAME' => '/var/www/ordr.ru/backend/web/index.php'
    'REMOTE_PORT' => '52174'
    'GATEWAY_INTERFACE' => 'CGI/1.1'
    'SERVER_PROTOCOL' => 'HTTP/1.1'
    'REQUEST_METHOD' => 'GET'
    'QUERY_STRING' => ''
    'REQUEST_URI' => '/'
    'SCRIPT_NAME' => '/index.php'
    'PHP_SELF' => '/index.php'
    'REQUEST_TIME_FLOAT' => 1422420499.912
    'REQUEST_TIME' => 1422420499
]
2015-01-28 04:48:20 [127.0.0.1][-][-][warning][yii\log\Dispatcher::dispatch] Unable to send log via yii\debug\LogTarget: PHP Warning 'yii\base\ErrorException' with message 'touch(): Utime failed: Permission denied' 

in /var/www/ordr.ru/vendor/yiisoft/yii2-debug/LogTarget.php:73

Stack trace:
#0 [internal function]: yii\base\ErrorHandler->handleError(2, 'touch(): Utime ...', '/var/www/ordr.r...', 73, Array)
#1 /var/www/ordr.ru/vendor/yiisoft/yii2-debug/LogTarget.php(73): touch('/var/www/ordr.r...')
#2 /var/www/ordr.ru/vendor/yiisoft/yii2-debug/LogTarget.php(61): yii\debug\LogTarget->updateIndexFile('/var/www/ordr.r...', Array)
#3 /var/www/ordr.ru/vendor/yiisoft/yii2-debug/LogTarget.php(112): yii\debug\LogTarget->export(Array)
#4 /var/www/ordr.ru/vendor/yiisoft/yii2/log/Dispatcher.php(183): yii\debug\LogTarget->collect(Array, true)
#5 /var/www/ordr.ru/vendor/yiisoft/yii2/log/Logger.php(166): yii\log\Dispatcher->dispatch(Array, true)
#6 [internal function]: yii\log\Logger->flush(true)
#7 {main}
2015-01-28 04:48:20 [127.0.0.1][-][-][info][application] $_SERVER = [
    'REDIRECT_STATUS' => '200'
    'HTTP_HOST' => 'control.ordr.ru'
    'HTTP_CONNECTION' => 'keep-alive'
    'HTTP_ACCEPT' => '*/*'
    'HTTP_USER_AGENT' => 'Mozilla/5.0 (X11; Linux x86_64) AppleWebKit/537.36 (KHTML, like Gecko) Chrome/40.0.2214.93 Safari/537.36'
    'HTTP_ACCEPT_ENCODING' => 'gzip, deflate, sdch'
    'HTTP_ACCEPT_LANGUAGE' => 'ru-RU,ru;q=0.8,en-US;q=0.6,en;q=0.4'
    'PATH' => '/usr/local/sbin:/usr/local/bin:/usr/sbin:/usr/bin:/sbin:/bin'
    'SERVER_SIGNATURE' => '<address>Apache/2.4.7 (Ubuntu) Server at control.ordr.ru Port 80</address>
'
    'SERVER_SOFTWARE' => 'Apache/2.4.7 (Ubuntu)'
    'SERVER_NAME' => 'control.ordr.ru'
    'SERVER_ADDR' => '127.0.0.1'
    'SERVER_PORT' => '80'
    'REMOTE_ADDR' => '127.0.0.1'
    'DOCUMENT_ROOT' => '/var/www/ordr.ru/backend/web'
    'REQUEST_SCHEME' => 'http'
    'CONTEXT_PREFIX' => ''
    'CONTEXT_DOCUMENT_ROOT' => '/var/www/ordr.ru/backend/web'
    'SERVER_ADMIN' => '[no address given]'
    'SCRIPT_FILENAME' => '/var/www/ordr.ru/backend/web/index.php'
    'REMOTE_PORT' => '52176'
    'REDIRECT_URL' => '/images/icons/favicon.png'
    'GATEWAY_INTERFACE' => 'CGI/1.1'
    'SERVER_PROTOCOL' => 'HTTP/1.1'
    'REQUEST_METHOD' => 'GET'
    'QUERY_STRING' => ''
    'REQUEST_URI' => '/images/icons/favicon.png'
    'SCRIPT_NAME' => '/index.php'
    'PATH_INFO' => '/'
    'PATH_TRANSLATED' => '/var/www/ordr.ru/backend/web/index.php'
    'PHP_SELF' => '/index.php/'
    'REQUEST_TIME_FLOAT' => 1422420500.31
    'REQUEST_TIME' => 1422420500
]
2015-01-28 04:48:24 [127.0.0.1][-][-][warning][yii\log\Dispatcher::dispatch] Unable to send log via yii\debug\LogTarget: PHP Warning 'yii\base\ErrorException' with message 'touch(): Utime failed: Permission denied' 

in /var/www/ordr.ru/vendor/yiisoft/yii2-debug/LogTarget.php:73

Stack trace:
#0 [internal function]: yii\base\ErrorHandler->handleError(2, 'touch(): Utime ...', '/var/www/ordr.r...', 73, Array)
#1 /var/www/ordr.ru/vendor/yiisoft/yii2-debug/LogTarget.php(73): touch('/var/www/ordr.r...')
#2 /var/www/ordr.ru/vendor/yiisoft/yii2-debug/LogTarget.php(61): yii\debug\LogTarget->updateIndexFile('/var/www/ordr.r...', Array)
#3 /var/www/ordr.ru/vendor/yiisoft/yii2-debug/LogTarget.php(112): yii\debug\LogTarget->export(Array)
#4 /var/www/ordr.ru/vendor/yiisoft/yii2/log/Dispatcher.php(183): yii\debug\LogTarget->collect(Array, true)
#5 /var/www/ordr.ru/vendor/yiisoft/yii2/log/Logger.php(166): yii\log\Dispatcher->dispatch(Array, true)
#6 [internal function]: yii\log\Logger->flush(true)
#7 {main}
2015-01-28 04:48:24 [127.0.0.1][-][-][info][application] $_SERVER = [
    'REDIRECT_STATUS' => '200'
    'HTTP_HOST' => 'control.ordr.ru'
    'HTTP_CONNECTION' => 'keep-alive'
    'HTTP_ACCEPT' => '*/*'
    'HTTP_USER_AGENT' => 'Mozilla/5.0 (X11; Linux x86_64) AppleWebKit/537.36 (KHTML, like Gecko) Chrome/40.0.2214.93 Safari/537.36'
    'HTTP_ACCEPT_ENCODING' => 'gzip, deflate, sdch'
    'HTTP_ACCEPT_LANGUAGE' => 'ru-RU,ru;q=0.8,en-US;q=0.6,en;q=0.4'
    'PATH' => '/usr/local/sbin:/usr/local/bin:/usr/sbin:/usr/bin:/sbin:/bin'
    'SERVER_SIGNATURE' => '<address>Apache/2.4.7 (Ubuntu) Server at control.ordr.ru Port 80</address>
'
    'SERVER_SOFTWARE' => 'Apache/2.4.7 (Ubuntu)'
    'SERVER_NAME' => 'control.ordr.ru'
    'SERVER_ADDR' => '127.0.0.1'
    'SERVER_PORT' => '80'
    'REMOTE_ADDR' => '127.0.0.1'
    'DOCUMENT_ROOT' => '/var/www/ordr.ru/backend/web'
    'REQUEST_SCHEME' => 'http'
    'CONTEXT_PREFIX' => ''
    'CONTEXT_DOCUMENT_ROOT' => '/var/www/ordr.ru/backend/web'
    'SERVER_ADMIN' => '[no address given]'
    'SCRIPT_FILENAME' => '/var/www/ordr.ru/backend/web/index.php'
    'REMOTE_PORT' => '52176'
    'REDIRECT_URL' => '/images/icons/favicon.png'
    'GATEWAY_INTERFACE' => 'CGI/1.1'
    'SERVER_PROTOCOL' => 'HTTP/1.1'
    'REQUEST_METHOD' => 'GET'
    'QUERY_STRING' => ''
    'REQUEST_URI' => '/images/icons/favicon.png'
    'SCRIPT_NAME' => '/index.php'
    'PATH_INFO' => '/'
    'PATH_TRANSLATED' => '/var/www/ordr.ru/backend/web/index.php'
    'PHP_SELF' => '/index.php/'
    'REQUEST_TIME_FLOAT' => 1422420504.736
    'REQUEST_TIME' => 1422420504
]
